Security/fido/iCrypt_Materials/iCrypt-Final/app/build/intermediates/manifest_merge_blame_file/debug/manifest-merger-blame-debug-report.txt
1<?xml version="1.0" encoding="utf-8"?>
2<!--
3  ~ /*
4  ~  * Copyright (c) 2020 Razeware LLC
5  ~  *
6  ~  * Permission is hereby granted, free of charge, to any person obtaining a copy
7  ~  * of this software and associated documentation files (the "Software"), to deal
8  ~  * in the Software without restriction, including without limitation the rights
9  ~  * to use, copy, modify, merge, publish, distribute, sublicense, and/or sell
10  ~  * copies of the Software, and to permit persons to whom the Software is
11  ~  * furnished to do so, subject to the following conditions:
12  ~  *
13  ~  * The above copyright notice and this permission notice shall be included in
14  ~  * all copies or substantial portions of the Software.
15  ~  *
16  ~  * Notwithstanding the foregoing, you may not use, copy, modify, merge, publish,
17  ~  * distribute, sublicense, create a derivative work, and/or sell copies of the
18  ~  * Software in any work that is designed, intended, or marketed for pedagogical or
19  ~  * instructional purposes related to programming, coding, application development,
20  ~  * or information technology.  Permission for such use, copying, modification,
21  ~  * merger, publication, distribution, sublicensing, creation of derivative works,
22  ~  * or sale is expressly withheld.
23  ~  *
24  ~  * This project and source code may use libraries or frameworks that are
25  ~  * released under various Open-Source licenses. Use of those libraries and
26  ~  * frameworks are governed by their own individual licenses.
27  ~  *
28  ~  * THE SOFTWARE IS PROVIDED "AS IS", WITHOUT WARRANTY OF ANY KIND, EXPRESS OR
29  ~  * IMPLIED, INCLUDING BUT NOT LIMITED TO THE WARRANTIES OF MERCHANTABILITY,
30  ~  * FITNESS FOR A PARTICULAR PURPOSE AND NONINFRINGEMENT. IN NO EVENT SHALL THE
31  ~  * AUTHORS OR COPYRIGHT HOLDERS BE LIABLE FOR ANY CLAIM, DAMAGES OR OTHER
32  ~  * LIABILITY, WHETHER IN AN ACTION OF CONTRACT, TORT OR OTHERWISE, ARISING FROM,
33  ~  * OUT OF OR IN CONNECTION WITH THE SOFTWARE OR THE USE OR OTHER DEALINGS IN
34  ~  * THE SOFTWARE.
35  ~  */
36  ~
37-->
38<manifest xmlns:android="http://schemas.android.com/apk/res/android"
39    package="com.raywenderlich.icrypt"
40    android:versionCode="1"
41    android:versionName="1.0" >
42
43    <uses-sdk
44        android:minSdkVersion="23"
44-->src/main/AndroidManifest.xml
45        android:targetSdkVersion="29" />
45-->src/main/AndroidManifest.xml
46
47    <uses-permission android:name="android.permission.USE_BIOMETRIC" />
47-->[androidx.biometric:biometric:1.0.1] AndroidManifest.xml:24:5-72
47-->[androidx.biometric:biometric:1.0.1] AndroidManifest.xml:24:22-69
48    <uses-permission android:name="android.permission.USE_FINGERPRINT" />
48-->[androidx.biometric:biometric:1.0.1] AndroidManifest.xml:25:5-74
48-->[androidx.biometric:biometric:1.0.1] AndroidManifest.xml:25:22-71
49
50    <application
50-->src/main/AndroidManifest.xml:42:3-74:17
51        android:allowBackup="false"
51-->src/main/AndroidManifest.xml:43:5-32
52        android:appComponentFactory="androidx.core.app.CoreComponentFactory"
52-->[androidx.core:core:1.3.2] AndroidManifest.xml:24:18-86
53        android:debuggable="true"
54        android:extractNativeLibs="false"
55        android:icon="@mipmap/ic_launcher"
55-->src/main/AndroidManifest.xml:44:5-39
56        android:label="@string/app_name"
56-->src/main/AndroidManifest.xml:45:5-37
57        android:roundIcon="@mipmap/ic_launcher_round"
57-->src/main/AndroidManifest.xml:46:5-50
58        android:testOnly="true"
59        android:theme="@style/AppTheme" >
59-->src/main/AndroidManifest.xml:47:5-36
60        <activity
60-->src/main/AndroidManifest.xml:48:5-57:16
61            android:name="com.raywenderlich.icrypt.ui.LoginActivity"
61-->src/main/AndroidManifest.xml:49:7-39
62            android:screenOrientation="portrait"
62-->src/main/AndroidManifest.xml:50:7-43
63            android:theme="@style/SplashTheme" >
63-->src/main/AndroidManifest.xml:51:7-41
64            <intent-filter>
64-->src/main/AndroidManifest.xml:52:7-56:23
65                <action android:name="android.intent.action.MAIN" />
65-->src/main/AndroidManifest.xml:53:9-61
65-->src/main/AndroidManifest.xml:53:17-58
66
67                <category android:name="android.intent.category.LAUNCHER" />
67-->src/main/AndroidManifest.xml:55:9-69
67-->src/main/AndroidManifest.xml:55:19-66
68            </intent-filter>
69        </activity>
70        <activity
70-->src/main/AndroidManifest.xml:58:5-62:53
71            android:name="com.raywenderlich.icrypt.ui.ListActivity"
71-->src/main/AndroidManifest.xml:59:7-38
72            android:label="@string/app_name"
72-->src/main/AndroidManifest.xml:60:7-39
73            android:screenOrientation="portrait"
73-->src/main/AndroidManifest.xml:61:7-43
74            android:theme="@style/AppTheme.NoActionBar" />
74-->src/main/AndroidManifest.xml:62:7-50
75        <activity
75-->src/main/AndroidManifest.xml:63:5-68:52
76            android:name="com.raywenderlich.icrypt.ui.EncryptionActivity"
76-->src/main/AndroidManifest.xml:64:7-44
77            android:label="@string/encrypt_message"
77-->src/main/AndroidManifest.xml:65:7-46
78            android:parentActivityName="com.raywenderlich.icrypt.ui.ListActivity"
78-->src/main/AndroidManifest.xml:66:7-52
79            android:screenOrientation="portrait"
79-->src/main/AndroidManifest.xml:67:7-43
80            android:windowSoftInputMode="adjustResize" />
80-->src/main/AndroidManifest.xml:68:7-49
81        <activity
81-->src/main/AndroidManifest.xml:69:5-73:46
82            android:name="com.raywenderlich.icrypt.ui.DecryptionActivity"
82-->src/main/AndroidManifest.xml:70:7-44
83            android:label="@string/decrypt_message"
83-->src/main/AndroidManifest.xml:71:7-46
84            android:parentActivityName="com.raywenderlich.icrypt.ui.ListActivity"
84-->src/main/AndroidManifest.xml:72:7-52
85            android:screenOrientation="portrait" />
85-->src/main/AndroidManifest.xml:73:7-43
86        <activity
86-->[androidx.biometric:biometric:1.0.1] AndroidManifest.xml:28:9-31:67
87            android:name="androidx.biometric.DeviceCredentialHandlerActivity"
87-->[androidx.biometric:biometric:1.0.1] AndroidManifest.xml:29:13-78
88            android:exported="true"
88-->[androidx.biometric:biometric:1.0.1] AndroidManifest.xml:30:13-36
89            android:theme="@style/DeviceCredentialHandlerTheme" />
89-->[androidx.biometric:biometric:1.0.1] AndroidManifest.xml:31:13-64
90    </application>
91
92</manifest>